TN:
SF:/Users/srichter/workspace/batMap/src/utils/dom.js
FN:8,(anonymous_0)
FN:12,(anonymous_1)
FN:16,(anonymous_2)
FN:23,(anonymous_3)
FN:24,(anonymous_4)
FN:36,(anonymous_5)
FN:45,(anonymous_6)
FN:53,(anonymous_7)
FN:57,(anonymous_8)
FN:69,(anonymous_9)
FN:83,extractPx
FN:93,memoize
FN:95,(anonymous_12)
FNF:13
FNH:5
FNDA:0,(anonymous_0)
FNDA:0,(anonymous_1)
FNDA:0,(anonymous_2)
FNDA:0,(anonymous_3)
FNDA:0,(anonymous_4)
FNDA:0,(anonymous_5)
FNDA:0,(anonymous_6)
FNDA:0,(anonymous_7)
FNDA:7,(anonymous_8)
FNDA:1,(anonymous_9)
FNDA:2,extractPx
FNDA:1,memoize
FNDA:1,(anonymous_12)
DA:3,1
DA:4,1
DA:5,1
DA:7,1
DA:9,0
DA:13,0
DA:17,0
DA:19,0
DA:20,0
DA:23,0
DA:24,0
DA:25,0
DA:27,0
DA:28,0
DA:32,0
DA:37,0
DA:38,0
DA:39,0
DA:40,0
DA:42,0
DA:46,0
DA:47,0
DA:48,0
DA:50,0
DA:54,0
DA:58,7
DA:59,7
DA:60,7
DA:61,7
DA:62,7
DA:63,6
DA:65,7
DA:70,1
DA:71,1
DA:72,1
DA:73,1
DA:74,1
DA:78,1
DA:79,1
DA:84,2
DA:85,2
DA:86,2
DA:87,2
DA:89,0
DA:94,1
DA:95,1
DA:96,1
DA:97,0
DA:99,1
DA:100,1
DA:101,1
DA:102,1
DA:104,0
DA:105,0
LF:54
LH:29
BRDA:19,0,0,0
BRDA:19,0,1,0
BRDA:27,1,0,0
BRDA:27,1,1,0
BRDA:54,2,0,0
BRDA:54,2,1,0
BRDA:54,2,2,0
BRDA:54,2,3,0
BRDA:54,2,4,0
BRDA:60,3,0,7
BRDA:60,3,1,3
BRDA:60,3,2,3
BRDA:62,4,0,6
BRDA:62,4,1,1
BRDA:84,5,0,2
BRDA:84,5,1,0
BRDA:87,6,0,2
BRDA:87,6,1,0
BRDA:96,7,0,0
BRDA:96,7,1,1
BRF:20
BRH:8
end_of_record
TN:
SF:/Users/srichter/workspace/batMap/src/utils/ie.js
FN:4,(anonymous_0)
FN:11,(anonymous_1)
FN:18,(anonymous_2)
FN:19,(anonymous_3)
FNF:4
FNH:0
FNDA:0,(anonymous_0)
FNDA:0,(anonymous_1)
FNDA:0,(anonymous_2)
FNDA:0,(anonymous_3)
DA:3,1
DA:5,0
DA:6,0
DA:8,0
DA:12,0
DA:13,0
DA:15,0
DA:19,0
DA:20,0
DA:21,0
DA:24,0
LF:11
LH:1
BRDA:12,0,0,0
BRDA:12,0,1,0
BRDA:20,1,0,0
BRDA:20,1,1,0
BRF:4
BRH:0
end_of_record
TN:
SF:/Users/srichter/workspace/batMap/src/utils/type.js
FN:3,isAString
FN:7,isAFunction
FNF:2
FNH:2
FNDA:4,isAString
FNDA:3,isAFunction
DA:4,4
DA:8,3
DA:11,2
LF:3
LH:3
BRF:0
BRH:0
end_of_record
